[debug] [2025-01-03T11:24:38.105Z] ----------------------------------------------------------------------
[debug] [2025-01-03T11:24:38.110Z] Command:       C:\Program Files\nodejs\node.exe C:\Users\dd\AppData\Roaming\npm\node_modules\firebase-tools\lib\bin\firebase.js deploy
[debug] [2025-01-03T11:24:38.110Z] CLI Version:   13.29.1
[debug] [2025-01-03T11:24:38.111Z] Platform:      win32
[debug] [2025-01-03T11:24:38.111Z] Node Version:  v22.11.0
[debug] [2025-01-03T11:24:38.112Z] Time:          Fri Jan 03 2025 16:54:38 GMT+0530 (India Standard Time)
[debug] [2025-01-03T11:24:38.112Z] ----------------------------------------------------------------------
[debug] 
[debug] [2025-01-03T11:24:38.118Z] >>> [apiv2][query] GET https://firebase-public.firebaseio.com/cli.json [none]
[debug] [2025-01-03T11:24:38.305Z] > command requires scopes: ["email","openid","https://www.googleapis.com/auth/cloudplatformprojects.readonly","https://www.googleapis.com/auth/firebase","https://www.googleapis.com/auth/cloud-platform"]
[debug] [2025-01-03T11:24:38.306Z] > authorizing via signed-in user (nischalcredmate@gmail.com)
[debug] [2025-01-03T11:24:38.306Z] [iam] checking project your-project-id for permissions ["firebase.projects.get","firebasehosting.sites.update"]
[debug] [2025-01-03T11:24:38.308Z] Checked if tokens are valid: false, expires at: 1734017077752
[debug] [2025-01-03T11:24:38.308Z] Checked if tokens are valid: false, expires at: 1734017077752
[debug] [2025-01-03T11:24:38.308Z] > refreshing access token with scopes: []
[debug] [2025-01-03T11:24:38.310Z] >>> [apiv2][query] POST https://www.googleapis.com/oauth2/v3/token [none]
[debug] [2025-01-03T11:24:38.310Z] >>> [apiv2][body] POST https://www.googleapis.com/oauth2/v3/token [omitted]
[debug] [2025-01-03T11:24:38.984Z] <<< [apiv2][status] GET https://firebase-public.firebaseio.com/cli.json 200
[debug] [2025-01-03T11:24:38.985Z] <<< [apiv2][body] GET https://firebase-public.firebaseio.com/cli.json {"cloudBuildErrorAfter":1594252800000,"cloudBuildWarnAfter":1590019200000,"defaultNode10After":1594252800000,"minVersion":"3.0.5","node8DeploysDisabledAfter":1613390400000,"node8RuntimeDisabledAfter":1615809600000,"node8WarnAfter":1600128000000}
[debug] [2025-01-03T11:24:39.015Z] <<< [apiv2][status] POST https://www.googleapis.com/oauth2/v3/token 200
[debug] [2025-01-03T11:24:39.016Z] <<< [apiv2][body] POST https://www.googleapis.com/oauth2/v3/token [omitted]
[debug] [2025-01-03T11:24:39.040Z] >>> [apiv2][query] POST https://cloudresourcemanager.googleapis.com/v1/projects/your-project-id:testIamPermissions [none]
[debug] [2025-01-03T11:24:39.041Z] >>> [apiv2][(partial)header] POST https://cloudresourcemanager.googleapis.com/v1/projects/your-project-id:testIamPermissions x-goog-quota-user=projects/your-project-id
[debug] [2025-01-03T11:24:39.041Z] >>> [apiv2][body] POST https://cloudresourcemanager.googleapis.com/v1/projects/your-project-id:testIamPermissions {"permissions":["firebase.projects.get","firebasehosting.sites.update"]}
[debug] [2025-01-03T11:24:41.020Z] <<< [apiv2][status] POST https://cloudresourcemanager.googleapis.com/v1/projects/your-project-id:testIamPermissions 200
[debug] [2025-01-03T11:24:41.020Z] <<< [apiv2][body] POST https://cloudresourcemanager.googleapis.com/v1/projects/your-project-id:testIamPermissions {}
[debug] [2025-01-03T11:24:41.021Z] [iam] error while checking permissions, command may fail: Authorization failed. This account is missing the following required permissions on project your-project-id:

  firebase.projects.get
  firebasehosting.sites.update
[debug] [2025-01-03T11:24:41.022Z] Checked if tokens are valid: true, expires at: 1735907078016
[debug] [2025-01-03T11:24:41.023Z] Checked if tokens are valid: true, expires at: 1735907078016
[debug] [2025-01-03T11:24:41.023Z] >>> [apiv2][query] GET https://firebase.googleapis.com/v1beta1/projects/your-project-id [none]
[debug] [2025-01-03T11:24:41.841Z] <<< [apiv2][status] GET https://firebase.googleapis.com/v1beta1/projects/your-project-id 403
[debug] [2025-01-03T11:24:41.842Z] <<< [apiv2][body] GET https://firebase.googleapis.com/v1beta1/projects/your-project-id {"error":{"code":403,"message":"The caller does not have permission","status":"PERMISSION_DENIED"}}
[debug] [2025-01-03T11:24:41.846Z] Request to https://firebase.googleapis.com/v1beta1/projects/your-project-id had HTTP Error: 403, The caller does not have permission
[debug] [2025-01-03T11:24:42.387Z] FirebaseError: Request to https://firebase.googleapis.com/v1beta1/projects/your-project-id had HTTP Error: 403, The caller does not have permission
    at responseToError (C:\Users\dd\AppData\Roaming\npm\node_modules\firebase-tools\lib\responseToError.js:52:12)
    at RetryOperation._fn (C:\Users\dd\AppData\Roaming\npm\node_modules\firebase-tools\lib\apiv2.js:312:77)
    at process.processTicksAndRejections (node:internal/process/task_queues:105:5)
[error] 
[error] Error: Failed to get Firebase project your-project-id. Please make sure the project exists and your account has permission to access it.
[debug] [2025-01-03T11:25:03.235Z] ----------------------------------------------------------------------
[debug] [2025-01-03T11:25:03.240Z] Command:       C:\Program Files\nodejs\node.exe C:\Users\dd\AppData\Roaming\npm\node_modules\firebase-tools\lib\bin\firebase.js init
[debug] [2025-01-03T11:25:03.241Z] CLI Version:   13.29.1
[debug] [2025-01-03T11:25:03.241Z] Platform:      win32
[debug] [2025-01-03T11:25:03.242Z] Node Version:  v22.11.0
[debug] [2025-01-03T11:25:03.242Z] Time:          Fri Jan 03 2025 16:55:03 GMT+0530 (India Standard Time)
[debug] [2025-01-03T11:25:03.243Z] ----------------------------------------------------------------------
[debug] 
[debug] [2025-01-03T11:25:03.381Z] > command requires scopes: ["email","openid","https://www.googleapis.com/auth/cloudplatformprojects.readonly","https://www.googleapis.com/auth/firebase","https://www.googleapis.com/auth/cloud-platform"]
[debug] [2025-01-03T11:25:03.382Z] > authorizing via signed-in user (nischalcredmate@gmail.com)
[info] 
     ######## #### ########  ######## ########     ###     ######  ########
     ##        ##  ##     ## ##       ##     ##  ##   ##  ##       ##
     ######    ##  ########  ######   ########  #########  ######  ######
     ##        ##  ##    ##  ##       ##     ## ##     ##       ## ##
     ##       #### ##     ## ######## ########  ##     ##  ######  ########

You're about to initialize a Firebase project in this directory:

  C:\Users\dd\Desktop\landingpage\credmate.webflow

Before we get started, keep in mind:

  * You are initializing within an existing Firebase project directory

